[INFO] Scanning for projects...
[INFO] 
[INFO] ------------------< com.ecomarket:ecomarket-backend >-------------------
[INFO] Building ecomarket-backend 0.0.1-SNAPSHOT
[INFO]   from pom.xml
[INFO] --------------------------------[ jar ]---------------------------------
[INFO] 
[INFO] >>> spring-boot:3.2.1:run (default-cli) > test-compile @ ecomarket-backend >>>
[INFO] 
[INFO] --- resources:3.3.1:resources (default-resources) @ ecomarket-backend ---
[INFO] Copying 1 resource from src/main/resources to target/classes
[INFO] Copying 0 resource from src/main/resources to target/classes
[INFO] 
[INFO] --- compiler:3.11.0:compile (default-compile) @ ecomarket-backend ---
[INFO] Nothing to compile - all classes are up to date
[INFO] 
[INFO] --- resources:3.3.1:testResources (default-testResources) @ ecomarket-backend ---
[INFO] skip non existing resourceDirectory /home/runner/workspace/backend/src/test/resources
[INFO] 
[INFO] --- compiler:3.11.0:testCompile (default-testCompile) @ ecomarket-backend ---
[INFO] Nothing to compile - all classes are up to date
[INFO] 
[INFO] <<< spring-boot:3.2.1:run (default-cli) < test-compile @ ecomarket-backend <<<
[INFO] 
[INFO] 
[INFO] --- spring-boot:3.2.1:run (default-cli) @ ecomarket-backend ---
[INFO] Attaching agents: []

  .   ____          _            __ _ _
 /\\ / ___'_ __ _ _(_)_ __  __ _ \ \ \ \
( ( )\___ | '_ | '_| | '_ \/ _` | \ \ \ \
 \\/  ___)| |_)| | | | | || (_| |  ) ) ) )
  '  |____| .__|_| |_|_| |_\__, | / / / /
 =========|_|==============|___/=/_/_/_/
 :: Spring Boot ::                (v3.2.1)

2025-06-16T09:50:58.490Z  INFO 11117 --- [           main] com.ecomarket.EcoMarketApplication       : Starting EcoMarketApplication using Java 21 with PID 11117 (/home/runner/workspace/backend/target/classes started by runner in /home/runner/workspace/backend)
2025-06-16T09:50:58.495Z  INFO 11117 --- [           main] com.ecomarket.EcoMarketApplication       : No active profile set, falling back to 1 default profile: "default"
2025-06-16T09:51:00.400Z  INFO 11117 --- [           main] o.s.b.w.embedded.tomcat.TomcatWebServer  : Tomcat initialized with port 8080 (http)
2025-06-16T09:51:00.419Z  INFO 11117 --- [           main] o.apache.catalina.core.StandardService   : Starting service [Tomcat]
2025-06-16T09:51:00.420Z  INFO 11117 --- [           main] o.apache.catalina.core.StandardEngine    : Starting Servlet engine: [Apache Tomcat/10.1.17]
2025-06-16T09:51:00.517Z  INFO 11117 --- [           main] o.a.c.c.C.[Tomcat].[localhost].[/]       : Initializing Spring embedded WebApplicationContext
2025-06-16T09:51:00.518Z  INFO 11117 --- [           main] w.s.c.ServletWebServerApplicationContext : Root WebApplicationContext: initialization completed in 1950 ms
2025-06-16T09:51:00.683Z  WARN 11117 --- [           main] .s.s.UserDetailsServiceAutoConfiguration : 

Using generated security password: 4188043f-5bd4-4eb8-8fdd-58f8dd487a35

This generated password is for development use only. Your security configuration must be updated before running your application in production.

2025-06-16T09:51:01.026Z  INFO 11117 --- [           main] o.s.s.web.DefaultSecurityFilterChain     : Will secure any request with [org.springframework.security.web.session.DisableEncodeUrlFilter@1280682, org.springframework.security.web.context.request.async.WebAsyncManagerIntegrationFilter@41ccb3b9, org.springframework.security.web.context.SecurityContextHolderFilter@c689973, org.springframework.security.web.header.HeaderWriterFilter@7951c3a2, org.springframework.web.filter.CorsFilter@53d9826f, org.springframework.security.web.authentication.logout.LogoutFilter@363c32cc, com.ecomarket.security.JwtAuthenticationFilter@1de9b505, org.springframework.security.web.savedrequest.RequestCacheAwareFilter@40113163, org.springframework.security.web.servletapi.SecurityContextHolderAwareRequestFilter@71a3e05c, org.springframework.security.web.authentication.AnonymousAuthenticationFilter@1e84f3c8, org.springframework.security.web.session.SessionManagementFilter@4091b9c3, org.springframework.security.web.access.ExceptionTranslationFilter@72a2312e, org.springframework.security.web.access.intercept.AuthorizationFilter@3e8799f]
