[INFO] Scanning for projects...
[INFO] 
[INFO] ------------------< com.ecomarket:ecomarket-backend >-------------------
[INFO] Building ecomarket-backend 0.0.1-SNAPSHOT
[INFO]   from pom.xml
[INFO] --------------------------------[ jar ]---------------------------------
[INFO] 
[INFO] >>> spring-boot:3.2.1:run (default-cli) > test-compile @ ecomarket-backend >>>
[INFO] 
[INFO] --- resources:3.3.1:resources (default-resources) @ ecomarket-backend ---
[INFO] Copying 1 resource from src/main/resources to target/classes
[INFO] Copying 0 resource from src/main/resources to target/classes
[INFO] 
[INFO] --- compiler:3.11.0:compile (default-compile) @ ecomarket-backend ---
[INFO] Nothing to compile - all classes are up to date
[INFO] 
[INFO] --- resources:3.3.1:testResources (default-testResources) @ ecomarket-backend ---
[INFO] skip non existing resourceDirectory /home/runner/workspace/backend/src/test/resources
[INFO] 
[INFO] --- compiler:3.11.0:testCompile (default-testCompile) @ ecomarket-backend ---
[INFO] Nothing to compile - all classes are up to date
[INFO] 
[INFO] <<< spring-boot:3.2.1:run (default-cli) < test-compile @ ecomarket-backend <<<
[INFO] 
[INFO] 
[INFO] --- spring-boot:3.2.1:run (default-cli) @ ecomarket-backend ---
[INFO] Attaching agents: []

  .   ____          _            __ _ _
 /\\ / ___'_ __ _ _(_)_ __  __ _ \ \ \ \
( ( )\___ | '_ | '_| | '_ \/ _` | \ \ \ \
 \\/  ___)| |_)| | | | | || (_| |  ) ) ) )
  '  |____| .__|_| |_|_| |_\__, | / / / /
 =========|_|==============|___/=/_/_/_/
 :: Spring Boot ::                (v3.2.1)

2025-06-16T09:50:42.022Z  INFO 10985 --- [           main] com.ecomarket.EcoMarketApplication       : Starting EcoMarketApplication using Java 21 with PID 10985 (/home/runner/workspace/backend/target/classes started by runner in /home/runner/workspace/backend)
2025-06-16T09:50:42.026Z  INFO 10985 --- [           main] com.ecomarket.EcoMarketApplication       : No active profile set, falling back to 1 default profile: "default"
2025-06-16T09:50:44.166Z  INFO 10985 --- [           main] o.s.b.w.embedded.tomcat.TomcatWebServer  : Tomcat initialized with port 8080 (http)
2025-06-16T09:50:44.189Z  INFO 10985 --- [           main] o.apache.catalina.core.StandardService   : Starting service [Tomcat]
2025-06-16T09:50:44.190Z  INFO 10985 --- [           main] o.apache.catalina.core.StandardEngine    : Starting Servlet engine: [Apache Tomcat/10.1.17]
2025-06-16T09:50:44.331Z  INFO 10985 --- [           main] o.a.c.c.C.[Tomcat].[localhost].[/]       : Initializing Spring embedded WebApplicationContext
2025-06-16T09:50:44.333Z  INFO 10985 --- [           main] w.s.c.ServletWebServerApplicationContext : Root WebApplicationContext: initialization completed in 2228 ms
2025-06-16T09:50:44.500Z  WARN 10985 --- [           main] .s.s.UserDetailsServiceAutoConfiguration : 

Using generated security password: 795970be-fd43-4bb4-9128-90208d66eb60

This generated password is for development use only. Your security configuration must be updated before running your application in production.

2025-06-16T09:50:44.830Z  INFO 10985 --- [           main] o.s.s.web.DefaultSecurityFilterChain     : Will secure any request with [org.springframework.security.web.session.DisableEncodeUrlFilter@75fd65c, org.springframework.security.web.context.request.async.WebAsyncManagerIntegrationFilter@d499c13, org.springframework.security.web.context.SecurityContextHolderFilter@4570d7b6, org.springframework.security.web.header.HeaderWriterFilter@78fe204a, org.springframework.web.filter.CorsFilter@2ceca2ef, org.springframework.security.web.authentication.logout.LogoutFilter@3b353651, com.ecomarket.security.JwtAuthenticationFilter@6325f352, org.springframework.security.web.savedrequest.RequestCacheAwareFilter@3850e90c, org.springframework.security.web.servletapi.SecurityContextHolderAwareRequestFilter@3d9f5016, org.springframework.security.web.authentication.AnonymousAuthenticationFilter@42d6c12d, org.springframework.security.web.session.SessionManagementFilter@78d9f51b, org.springframework.security.web.access.ExceptionTranslationFilter@a6c54c3, org.springframework.security.web.access.intercept.AuthorizationFilter@50ab56e2]
2025-06-16T09:50:45.086Z  INFO 10985 --- [           main] o.s.b.w.embedded.tomcat.TomcatWebServer  : Tomcat started on port 8080 (http) with context path ''
2025-06-16T09:50:45.096Z  INFO 10985 --- [           main] com.ecomarket.EcoMarketApplication       : Started EcoMarketApplication in 3.852 seconds (process running for 4.432)
